0 info it worked if it ends with ok
1 verbose cli [ '/home/thein/apps/node-v6.10.3-linux-x64/bin/node',
1 verbose cli   '/usr/bin/npm',
1 verbose cli   'start' ]
2 info using npm@3.10.10
3 info using node@v6.10.3
4 verbose stack Error: ENOENT: no such file or directory, open '/home/thein/workspace/go/src/react-mobx-react-router4-beego-boilerplate/backend/package.json'
4 verbose stack     at Error (native)
5 verbose cwd /home/thein/workspace/go/src/react-mobx-react-router4-beego-boilerplate/backend
6 error Linux 4.4.0-75-generic
7 error argv "/home/thein/apps/node-v6.10.3-linux-x64/bin/node" "/usr/bin/npm" "start"
8 error node v6.10.3
9 error npm  v3.10.10
10 error path /home/thein/workspace/go/src/react-mobx-react-router4-beego-boilerplate/backend/package.json
11 error code ENOENT
12 error errno -2
13 error syscall open
14 error enoent ENOENT: no such file or directory, open '/home/thein/workspace/go/src/react-mobx-react-router4-beego-boilerplate/backend/package.json'
15 error enoent ENOENT: no such file or directory, open '/home/thein/workspace/go/src/react-mobx-react-router4-beego-boilerplate/backend/package.json'
15 error enoent This is most likely not a problem with npm itself
15 error enoent and is related to npm not being able to find a file.
16 verbose exit [ -2, true ]
